<?xml version="1.0" encoding="UTF-8"?>
<!-- Generated by org.testng.reporters.JUnitReportReporter -->
<testsuite hostname="LAPTOP-KFF43P82" failures="0" tests="1" name="Sample.tes.Sample" time="0.012" errors="0" timestamp="2023-04-14T12:42:05 IST" skipped="0">
  <testcase classname="Sample.tes.Sample" name="sample1" time="0.012"/>
  <system-out/>
</testsuite> <!-- Sample.tes.Sample -->
